L 1 "..\..\RTX\src\rt_Semaphore.c"
N/*----------------------------------------------------------------------------
N *      RL-ARM - RTX
N *----------------------------------------------------------------------------
N *      Name:    RT_SEMAPHORE.C
N *      Purpose: Implements binary and counting semaphores
N *      Rev.:    V4.70
N *----------------------------------------------------------------------------
N *      This code is part of the RealView Run-Time Library.
N *      Copyright (c) 2004-2013 KEIL - An ARM Company. All rights reserved.
N *---------------------------------------------------------------------------*/
N
N#include "rt_TypeDef.h"
L 1 "..\..\RTX\inc\rt_TypeDef.h" 1
N/*----------------------------------------------------------------------------
N *      RL-ARM - RTX
N *----------------------------------------------------------------------------
N *      Name:    RT_TYPEDEF.H
N *      Purpose: Type Definitions
N *      Rev.:    V4.73
N *----------------------------------------------------------------------------
N *      This code is part of the RealView Run-Time Library.
N *      Copyright (c) 2004-2013 KEIL - An ARM Company. All rights reserved.
N *---------------------------------------------------------------------------*/
N
N/* Types */
Ntypedef signed char        S8;
Ntypedef unsigned char      U8;
Ntypedef short              S16;
Ntypedef unsigned short     U16;
Ntypedef int                S32;
Ntypedef unsigned int       U32;
Ntypedef long long          S64;
Ntypedef unsigned long long U64;
Ntypedef unsigned char      BIT;
Ntypedef unsigned int       BOOL;
Ntypedef void               (*FUNCP)(void);
N
Ntypedef U32     OS_TID;
Ntypedef void    *OS_ID;
Ntypedef U32     OS_RESULT;
N
Ntypedef struct OS_TCB {
N  /* General part: identical for all implementations.                        */
N  U8     cb_type;                 /* Control Block Type                      */
N  U8     state;                   /* Task state                              */
N  U8     prio;                    /* Execution priority                      */
N  U8     task_id;                 /* Task ID value for optimized TCB access  */
N  struct OS_TCB *p_lnk;           /* Link pointer for ready/sem. wait list   */
N  struct OS_TCB *p_rlnk;          /* Link pointer for sem./mbx lst backwards */
N  struct OS_TCB *p_dlnk;          /* Link pointer for delay list             */
N  struct OS_TCB *p_blnk;          /* Link pointer for delay list backwards   */
N  U16    delta_time;              /* Time until time out                     */
N  U16    interval_time;           /* Time interval for periodic waits        */
N  U16    events;                  /* Event flags                             */
N  U16    waits;                   /* Wait flags                              */
N  void   **msg;                   /* Direct message passing when task waits  */
N  struct OS_MUCB *p_mlnk;         /* Link pointer for mutex owner list       */
N  U8     prio_base;               /* Base priority                           */
N  U8     ret_val;                 /* Return value upon completion of a wait  */
N
N  /* Hardware dependant part: specific for CM processor                      */
N  U8     ret_upd;                 /* Updated return value                    */
N  U16    priv_stack;              /* Private stack size, 0= system assigned  */
N  U32    tsk_stack;               /* Current task Stack pointer (R13)        */
N  U32    *stack;                  /* Pointer to Task Stack memory block      */
N
N  /* Task entry point used for uVision debugger                              */
N  FUNCP  ptask;                   /* Task entry address                      */
N} *P_TCB;
N#define TCB_RETVAL      37        /* 'ret_val' offset                        */
N#define TCB_RETUPD      38        /* 'ret_upd' offset                        */
N#define TCB_TSTACK      44        /* 'tsk_stack' offset                      */
N
Ntypedef struct OS_PSFE {          /* Post Service Fifo Entry                 */
N  void  *id;                      /* Object Identification                   */
N  U32    arg;                     /* Object Argument                         */
N} *P_PSFE;
N
Ntypedef struct OS_PSQ {           /* Post Service Queue                      */
N  U8     first;                   /* FIFO Head Index                         */
N  U8     last;                    /* FIFO Tail Index                         */
N  U8     count;                   /* Number of stored items in FIFO          */
N  U8     size;                    /* FIFO Size                               */
N  struct OS_PSFE q[1];            /* FIFO Content                            */
N} *P_PSQ;
N
Ntypedef struct OS_TSK {
N  P_TCB  run;                     /* Current running task                    */
N  P_TCB  new;                     /* Scheduled task to run                   */
N} *P_TSK;
N
Ntypedef struct OS_ROBIN {         /* Round Robin Control                     */
N  P_TCB  task;                    /* Round Robin task                        */
N  U16    time;                    /* Round Robin switch time                 */
N  U16    tout;                    /* Round Robin timeout                     */
N} *P_ROBIN;
N
Ntypedef struct OS_XCB {
N  U8     cb_type;                 /* Control Block Type                      */
N  struct OS_TCB *p_lnk;           /* Link pointer for ready/sem. wait list   */
N  struct OS_TCB *p_rlnk;          /* Link pointer for sem./mbx lst backwards */
N  struct OS_TCB *p_dlnk;          /* Link pointer for delay list             */
N  struct OS_TCB *p_blnk;          /* Link pointer for delay list backwards   */
N  U16    delta_time;              /* Time until time out                     */
N} *P_XCB;
N
Ntypedef struct OS_MCB {
N  U8     cb_type;                 /* Control Block Type                      */
N  U8     isr_st;                  /* State flag variable for isr functions   */
N  struct OS_TCB *p_lnk;           /* Chain of tasks waiting for message      */
N  U16    first;                   /* Index of the message list begin         */
N  U16    last;                    /* Index of the message list end           */
N  U16    count;                   /* Actual number of stored messages        */
N  U16    size;                    /* Maximum number of stored messages       */
N  void   *msg[1];                 /* FIFO for Message pointers 1st element   */
N} *P_MCB;
N
Ntypedef struct OS_SCB {
N  U8     cb_type;                 /* Control Block Type                      */
N  U16    tokens;                  /* Semaphore tokens                        */
N  struct OS_TCB *p_lnk;           /* Chain of tasks waiting for tokens       */
N} *P_SCB;
N
Ntypedef struct OS_MUCB {
N  U8     cb_type;                 /* Control Block Type                      */
N  U16    level;                   /* Call nesting level                      */
N  struct OS_TCB *p_lnk;           /* Chain of tasks waiting for mutex        */
N  struct OS_TCB *owner;           /* Mutex owner task                        */
N  struct OS_MUCB *p_mlnk;         /* Chain of mutexes by owner task          */
N} *P_MUCB;
N
Ntypedef struct OS_XTMR {
N  struct OS_TMR  *next;
N  U16    tcnt;
N} *P_XTMR;
N
Ntypedef struct OS_TMR {
N  struct OS_TMR  *next;           /* Link pointer to Next timer              */
N  U16    tcnt;                    /* Timer delay count                       */
N  U16    info;                    /* User defined call info                  */
N} *P_TMR;
N
Ntypedef struct OS_BM {
N  void *free;                     /* Pointer to first free memory block      */
N  void *end;                      /* Pointer to memory block end             */
N  U32  blk_size;                  /* Memory block size                       */
N} *P_BM;
N
N/* Definitions */
N#define __TRUE          1
N#define __FALSE         0
N#define NULL            ((void *) 0)
N
N/*----------------------------------------------------------------------------
N * end of file
N *---------------------------------------------------------------------------*/
N
L 13 "..\..\RTX\src\rt_Semaphore.c" 2
N#include "RTX_Config.h"
L 1 "..\..\RTX\inc\RTX_Config.h" 1
N/*----------------------------------------------------------------------------
N *      RL-ARM - RTX
N *----------------------------------------------------------------------------
N *      Name:    RTX_CONFIG.H
N *      Purpose: Exported functions of RTX_Config.c
N *      Rev.:    V4.70
N *----------------------------------------------------------------------------
N *      This code is part of the RealView Run-Time Library.
N *      Copyright (c) 2004-2013 KEIL - An ARM Company. All rights reserved.
N *---------------------------------------------------------------------------*/
N
N
N/* Error Codes */
N#define OS_ERR_STK_OVF          1
N#define OS_ERR_FIFO_OVF         2
N#define OS_ERR_MBX_OVF          3
N
N/* Definitions */
N#define BOX_ALIGN_8                   0x80000000
N#define _declare_box(pool,size,cnt)   U32 pool[(((size)+3)/4)*(cnt) + 3]
N#define _declare_box8(pool,size,cnt)  U64 pool[(((size)+7)/8)*(cnt) + 2]
N#define _init_box8(pool,size,bsize)   _init_box (pool,size,(bsize) | BOX_ALIGN_8)
N
N/* Variables */
Nextern U32 mp_tcb[];
Nextern U64 mp_stk[];
Nextern U32 os_fifo[];
Nextern void *os_active_TCB[];
N
N/* Constants */
Nextern U16 const os_maxtaskrun;
Nextern U32 const os_trv;
Nextern U8  const os_flags;
Nextern U32 const os_stackinfo;
Nextern U32 const os_rrobin;
Nextern U32 const os_clockrate;
Nextern U32 const os_timernum;
Nextern U16 const mp_tcb_size;
Nextern U32 const mp_stk_size;
Nextern U32 const *m_tmr;
Nextern U16 const mp_tmr_size;
Nextern U8  const os_fifo_size;
N
N/* Functions */
Nextern void os_idle_demon   (void);
Nextern int  os_tick_init    (void);
Nextern void os_tick_irqack  (void);
Nextern void os_tmr_call     (U16  info);
Nextern void os_error        (U32 err_code);
N
N/*----------------------------------------------------------------------------
N * end of file
N *---------------------------------------------------------------------------*/
L 14 "..\..\RTX\src\rt_Semaphore.c" 2
N#include "rt_System.h"
L 1 "..\..\RTX\inc\rt_System.h" 1
N/*----------------------------------------------------------------------------
N *      RL-ARM - RTX
N *----------------------------------------------------------------------------
N *      Name:    RT_SYSTEM.H
N *      Purpose: System Task Manager definitions
N *      Rev.:    V4.70
N *----------------------------------------------------------------------------
N *      This code is part of the RealView Run-Time Library.
N *      Copyright (c) 2004-2013 KEIL - An ARM Company. All rights reserved.
N *---------------------------------------------------------------------------*/
N
N/* Variables */
N#define os_psq  ((P_PSQ)&os_fifo)
Nextern int os_tick_irqn;
N
N/* Functions */
Nextern U32  rt_suspend    (void);
Nextern void rt_resume     (U32 sleep_time);
Nextern void rt_tsk_lock   (void);
Nextern void rt_tsk_unlock (void);
Nextern void rt_psh_req    (void);
Nextern void rt_pop_req    (void);
Nextern void rt_systick    (void);
Nextern void rt_stk_check  (void);
N
N/*----------------------------------------------------------------------------
N * end of file
N *---------------------------------------------------------------------------*/
N
L 15 "..\..\RTX\src\rt_Semaphore.c" 2
N#include "rt_List.h"
L 1 "..\..\RTX\inc\rt_List.h" 1
N/*----------------------------------------------------------------------------
N *      RL-ARM - RTX
N *----------------------------------------------------------------------------
N *      Name:    RT_LIST.H
N *      Purpose: Functions for the management of different lists
N *      Rev.:    V4.70
N *----------------------------------------------------------------------------
N *      This code is part of the RealView Run-Time Library.
N *      Copyright (c) 2004-2013 KEIL - An ARM Company. All rights reserved.
N *---------------------------------------------------------------------------*/
N
N/* Definitions */
N
N/* Values for 'cb_type' */
N#define TCB             0
N#define MCB             1
N#define SCB             2
N#define MUCB            3
N#define HCB             4
N
N/* Variables */
Nextern struct OS_XCB os_rdy;
Nextern struct OS_XCB os_dly;
N
N/* Functions */
Nextern void  rt_put_prio      (P_XCB p_CB, P_TCB p_task);
Nextern P_TCB rt_get_first     (P_XCB p_CB);
Nextern void  rt_put_rdy_first (P_TCB p_task);
Nextern P_TCB rt_get_same_rdy_prio (void);
Nextern void  rt_resort_prio   (P_TCB p_task);
Nextern void  rt_put_dly       (P_TCB p_task, U16 delay);
Nextern void  rt_dec_dly       (void);
Nextern void  rt_rmv_list      (P_TCB p_task);
Nextern void  rt_rmv_dly       (P_TCB p_task);
Nextern void  rt_psq_enq       (OS_ID entry, U32 arg);
N
N/* This is a fast macro generating in-line code */
N#define rt_rdy_prio(void) (os_rdy.p_lnk->prio)
N
N
N/*----------------------------------------------------------------------------
N * end of file
N *---------------------------------------------------------------------------*/
N
L 16 "..\..\RTX\src\rt_Semaphore.c" 2
N#include "rt_Task.h"
L 1 "..\..\RTX\inc\rt_Task.h" 1
N/*----------------------------------------------------------------------------
N *      RL-ARM - RTX
N *----------------------------------------------------------------------------
N *      Name:    RT_TASK.H
N *      Purpose: Task functions and system start up.
N *      Rev.:    V4.70
N *----------------------------------------------------------------------------
N *      This code is part of the RealView Run-Time Library.
N *      Copyright (c) 2004-2013 KEIL - An ARM Company. All rights reserved.
N *---------------------------------------------------------------------------*/
N
N/* Definitions */
N
N/* Values for 'state'   */
N#define INACTIVE        0
N#define READY           1
N#define RUNNING         2
N#define WAIT_DLY        3
N#define WAIT_ITV        4
N#define WAIT_OR         5
N#define WAIT_AND        6
N#define WAIT_SEM        7
N#define WAIT_MBX        8
N#define WAIT_MUT        9
N
N/* Return codes */
N#define OS_R_TMO        0x01
N#define OS_R_EVT        0x02
N#define OS_R_SEM        0x03
N#define OS_R_MBX        0x04
N#define OS_R_MUT        0x05
N
N#define OS_R_OK         0x00
N#define OS_R_NOK        0xff
N
N/* Variables */
Nextern struct OS_TSK os_tsk;
Nextern struct OS_TCB os_idle_TCB;
N
N/* Functions */
Nextern void      rt_switch_req (P_TCB p_new);
Nextern void      rt_dispatch   (P_TCB next_TCB);
Nextern void      rt_block      (U16 timeout, U8 block_state);
Nextern void      rt_tsk_pass   (void);
Nextern OS_TID    rt_tsk_self   (void);
Nextern OS_RESULT rt_tsk_prio   (OS_TID task_id, U8 new_prio);
Nextern OS_TID    rt_tsk_create (FUNCP task, U32 prio_stksz, void *stk, void *argv);
Nextern OS_RESULT rt_tsk_delete (OS_TID task_id);
Nextern void      rt_sys_init   (FUNCP first_task, U32 prio_stksz, void *stk);
N
N/*----------------------------------------------------------------------------
N * end of file
N *---------------------------------------------------------------------------*/
N
N
N
N
N
N
L 17 "..\..\RTX\src\rt_Semaphore.c" 2
N#include "rt_Semaphore.h"
L 1 "..\..\RTX\inc\rt_Semaphore.h" 1
N/*----------------------------------------------------------------------------
N *      RL-ARM - RTX
N *----------------------------------------------------------------------------
N *      Name:    RT_SEMAPHORE.H
N *      Purpose: Implements binary and counting semaphores
N *      Rev.:    V4.70
N *----------------------------------------------------------------------------
N *      This code is part of the RealView Run-Time Library.
N *      Copyright (c) 2004-2013 KEIL - An ARM Company. All rights reserved.
N *---------------------------------------------------------------------------*/
N
N/* Functions */
Nextern void      rt_sem_init (OS_ID semaphore, U16 token_count);
Nextern OS_RESULT rt_sem_send (OS_ID semaphore);
Nextern OS_RESULT rt_sem_wait (OS_ID semaphore, U16 timeout);
Nextern void      isr_sem_send (OS_ID semaphore);
Nextern void      rt_sem_psh (P_SCB p_CB);
N
N/*----------------------------------------------------------------------------
N * end of file
N *---------------------------------------------------------------------------*/
N
L 18 "..\..\RTX\src\rt_Semaphore.c" 2
N
N
N/*----------------------------------------------------------------------------
N *      Functions
N *---------------------------------------------------------------------------*/
N
N
N/*--------------------------- rt_sem_init -----------------------------------*/
N
Nvoid rt_sem_init (OS_ID semaphore, U16 token_count) {
N  /* Initialize a semaphore */
N  P_SCB p_SCB = semaphore;
N
N  p_SCB->cb_type = SCB;
X  p_SCB->cb_type = 2;
N  p_SCB->p_lnk  = NULL;
X  p_SCB->p_lnk  = ((void *) 0);
N  p_SCB->tokens = token_count;
N}
N
N
N/*--------------------------- rt_sem_send -----------------------------------*/
N
NOS_RESULT rt_sem_send (OS_ID semaphore) {
N  /* Return a token to semaphore */
N  P_SCB p_SCB = semaphore;
N  P_TCB p_TCB;
N
N  if (p_SCB->p_lnk != NULL) {
X  if (p_SCB->p_lnk != ((void *) 0)) {
N    /* A task is waiting for token */
N    p_TCB = rt_get_first ((P_XCB)p_SCB);
N    p_TCB->ret_val = OS_R_SEM;
X    p_TCB->ret_val = 0x03;
N    rt_rmv_dly (p_TCB);
N    rt_dispatch (p_TCB);
N    os_tsk.run->ret_val = OS_R_OK;
X    os_tsk.run->ret_val = 0x00;
N  }
N  else {
N    /* Store token. */
N    p_SCB->tokens++;
N  }
N  return (OS_R_OK);
X  return (0x00);
N}
N
N
N/*--------------------------- rt_sem_wait -----------------------------------*/
N
NOS_RESULT rt_sem_wait (OS_ID semaphore, U16 timeout) {
N  /* Obtain a token; possibly wait for it */
N  P_SCB p_SCB = semaphore;
N
N  if (p_SCB->tokens) {
N    p_SCB->tokens--;
N    return (OS_R_OK);
X    return (0x00);
N  }
N  /* No token available: wait for one */
N  if (timeout == 0) {
N    return (OS_R_TMO);
X    return (0x01);
N  }
N  if (p_SCB->p_lnk != NULL) {
X  if (p_SCB->p_lnk != ((void *) 0)) {
N    rt_put_prio ((P_XCB)p_SCB, os_tsk.run);
N  }
N  else {
N    p_SCB->p_lnk = os_tsk.run;
N    os_tsk.run->p_lnk = NULL;
X    os_tsk.run->p_lnk = ((void *) 0);
N    os_tsk.run->p_rlnk = (P_TCB)p_SCB;
N  }
N  rt_block(timeout, WAIT_SEM);
X  rt_block(timeout, 7);
N  return (OS_R_TMO);
X  return (0x01);
N}
N
N
N/*--------------------------- isr_sem_send ----------------------------------*/
N
Nvoid isr_sem_send (OS_ID semaphore) {
N  /* Same function as "os_sem_send", but to be called by ISRs */
N  P_SCB p_SCB = semaphore;
N
N  rt_psq_enq (p_SCB, 0);
N  rt_psh_req ();
N}
N
N
N/*--------------------------- rt_sem_psh ------------------------------------*/
N
Nvoid rt_sem_psh (P_SCB p_CB) {
N  /* Check if task has to be waken up */
N  P_TCB p_TCB;
N
N  if (p_CB->p_lnk != NULL) {
X  if (p_CB->p_lnk != ((void *) 0)) {
N    /* A task is waiting for token */
N    p_TCB = rt_get_first ((P_XCB)p_CB);
N    rt_rmv_dly (p_TCB);
N    p_TCB->state   = READY;
X    p_TCB->state   = 1;
N    p_TCB->ret_val = OS_R_SEM;
X    p_TCB->ret_val = 0x03;
N    rt_put_prio (&os_rdy, p_TCB);
N  }
N  else {
N    /* Store token */
N    p_CB->tokens++;
N  }
N}
N
N/*----------------------------------------------------------------------------
N * end of file
N *---------------------------------------------------------------------------*/
N
